# JRE version: OpenJDK Runtime Environment Temurin-21.0.11+10 (21.0.11+10) (build 21.0.11+10-LTS)
# Java VM: OpenJDK 64-Bit Server VM Temurin-21.0.11+10 (21.0.11+10-LTS, mixed mode, sharing, tiered, compressed oops, compressed class ptrs, parallel gc, windows-amd64)
GC Precious Log:
 CardTable entry size: 512
 CPUs: 16 total, 16 available
 Memory: 24260M
 Large Page Support: Disabled
 NUMA Support: Disabled
 Compressed Oops: Enabled (32-bit)
 Alignments: Space 512K, Generation 512K, Heap 2M
 Heap Min Capacity: 100M
 Heap Initial Capacity: 100M
 Heap Max Capacity: 2G
 Pre-touch: Disabled
 Parallel Workers: 13
Heap:
 PSYoungGen      total 1536K, used 757K [0x00000000d5580000, 0x00000000d5780000, 0x0000000100000000)
  eden space 1024K, 55% used [0x00000000d5580000,0x00000000d560d760,0x00000000d5680000)
  from space 512K, 37% used [0x00000000d5700000,0x00000000d5730000,0x00000000d5780000)
  to   space 512K, 0% used [0x00000000d5680000,0x00000000d5680000,0x00000000d5700000)
 ParOldGen       total 886272K, used 759510K [0x0000000080000000, 0x00000000b6180000, 0x00000000d5580000)
  object space 886272K, 85% used [0x0000000080000000,0x00000000ae5b5a20,0x00000000b6180000)
 Metaspace       used 93751K, committed 95680K, reserved 1179648K
  class space    used 9972K, committed 10752K, reserved 1048576K
GC Heap History (20 events):
Event: 7856.399 GC heap before
{Heap before GC invocations=1837 (full 4):
 PSYoungGen      total 3072K, used 2576K [0x00000000d5580000, 0x00000000d5980000, 0x0000000100000000)
  eden space 2048K, 100% used [0x00000000d5580000,0x00000000d5780000,0x00000000d5780000)
  from space 1024K, 51% used [0x00000000d5880000,0x00000000d5904010,0x00000000d5980000)
  to   space 1024K, 0% used [0x00000000d5780000,0x00000000d5780000,0x00000000d5880000)
 ParOldGen       total 886272K, used 754522K [0x0000000080000000, 0x00000000b6180000, 0x00000000d5580000)
  object space 886272K, 85% used [0x0000000080000000,0x00000000ae0d68f0,0x00000000b6180000)
 Metaspace       used 93751K, committed 95680K, reserved 1179648K
  class space    used 9972K, committed 10752K, reserved 1048576K
}
Event: 7856.401 GC heap after
{Heap after GC invocations=1837 (full 4):
 PSYoungGen      total 3072K, used 224K [0x00000000d5580000, 0x00000000d5900000, 0x0000000100000000)
  eden space 2048K, 0% used [0x00000000d5580000,0x00000000d5580000,0x00000000d5780000)
  from space 1024K, 21% used [0x00000000d5780000,0x00000000d57b8000,0x00000000d5880000)
  to   space 512K, 0% used [0x00000000d5880000,0x00000000d5880000,0x00000000d5900000)
 ParOldGen       total 886272K, used 754546K [0x0000000080000000, 0x00000000b6180000, 0x00000000d5580000)
  object space 886272K, 85% used [0x0000000080000000,0x00000000ae0dc8f0,0x00000000b6180000)
 Metaspace       used 93751K, committed 95680K, reserved 1179648K
  class space    used 9972K, committed 10752K, reserved 1048576K
}
Event: 7857.166 GC heap before
{Heap before GC invocations=1838 (full 4):
 PSYoungGen      total 3072K, used 2272K [0x00000000d5580000, 0x00000000d5900000, 0x0000000100000000)
  eden space 2048K, 100% used [0x00000000d5580000,0x00000000d5780000,0x00000000d5780000)
  from space 1024K, 21% used [0x00000000d5780000,0x00000000d57b8000,0x00000000d5880000)
  to   space 512K, 0% used [0x00000000d5880000,0x00000000d5880000,0x00000000d5900000)
 ParOldGen       total 886272K, used 754546K [0x0000000080000000, 0x00000000b6180000, 0x00000000d5580000)
  object space 886272K, 85% used [0x0000000080000000,0x00000000ae0dc8f0,0x00000000b6180000)
 Metaspace       used 93751K, committed 95680K, reserved 1179648K
  class space    used 9972K, committed 10752K, reserved 1048576K
}
Event: 7857.168 GC heap after
{Heap after GC invocations=1838 (full 4):
 PSYoungGen      total 2560K, used 512K [0x00000000d5580000, 0x00000000d5980000, 0x0000000100000000)
  eden space 2048K, 0% used [0x00000000d5580000,0x00000000d5580000,0x00000000d5780000)
  from space 512K, 100% used [0x00000000d5880000,0x00000000d5900000,0x00000000d5900000)
  to   space 1024K, 0% used [0x00000000d5780000,0x00000000d5780000,0x00000000d5880000)
 ParOldGen       total 886272K, used 754602K [0x0000000080000000, 0x00000000b6180000, 0x00000000d5580000)
  object space 886272K, 85% used [0x0000000080000000,0x00000000ae0ea8f0,0x00000000b6180000)
 Metaspace       used 93751K, committed 95680K, reserved 1179648K
  class space    used 9972K, committed 10752K, reserved 1048576K
}
Event: 7858.205 GC heap before
{Heap before GC invocations=1839 (full 4):
 PSYoungGen      total 2560K, used 2551K [0x00000000d5580000, 0x00000000d5980000, 0x0000000100000000)
  eden space 2048K, 99% used [0x00000000d5580000,0x00000000d577dd98,0x00000000d5780000)
  from space 512K, 100% used [0x00000000d5880000,0x00000000d5900000,0x00000000d5900000)
  to   space 1024K, 0% used [0x00000000d5780000,0x00000000d5780000,0x00000000d5880000)
 ParOldGen       total 886272K, used 754602K [0x0000000080000000, 0x00000000b6180000, 0x00000000d5580000)
  object space 886272K, 85% used [0x0000000080000000,0x00000000ae0ea8f0,0x00000000b6180000)
 Metaspace       used 93751K, committed 95680K, reserved 1179648K
  class space    used 9972K, committed 10752K, reserved 1048576K
}
Event: 7858.206 GC heap after
{Heap after GC invocations=1839 (full 4):
 PSYoungGen      total 3072K, used 936K [0x00000000d5580000, 0x00000000d5980000, 0x0000000100000000)
  eden space 2048K, 0% used [0x00000000d5580000,0x00000000d5580000,0x00000000d5780000)
  from space 1024K, 91% used [0x00000000d5780000,0x00000000d586a008,0x00000000d5880000)
  to   space 1024K, 0% used [0x00000000d5880000,0x00000000d5880000,0x00000000d5980000)
 ParOldGen       total 886272K, used 755014K [0x0000000080000000, 0x00000000b6180000, 0x00000000d5580000)
  object space 886272K, 85% used [0x0000000080000000,0x00000000ae151af0,0x00000000b6180000)
 Metaspace       used 93751K, committed 95680K, reserved 1179648K
  class space    used 9972K, committed 10752K, reserved 1048576K
}
Event: 7859.549 GC heap before
{Heap before GC invocations=1840 (full 4):
 PSYoungGen      total 3072K, used 2973K [0x00000000d5580000, 0x00000000d5980000, 0x0000000100000000)
  eden space 2048K, 99% used [0x00000000d5580000,0x00000000d577d7c8,0x00000000d5780000)
  from space 1024K, 91% used [0x00000000d5780000,0x00000000d586a008,0x00000000d5880000)
  to   space 1024K, 0% used [0x00000000d5880000,0x00000000d5880000,0x00000000d5980000)
 ParOldGen       total 886272K, used 755014K [0x0000000080000000, 0x00000000b6180000, 0x00000000d5580000)
  object space 886272K, 85% used [0x0000000080000000,0x00000000ae151af0,0x00000000b6180000)
 Metaspace       used 93751K, committed 95680K, reserved 1179648K
  class space    used 9972K, committed 10752K, reserved 1048576K
}
Event: 7859.551 GC heap after
{Heap after GC invocations=1840 (full 4):
 PSYoungGen      total 1536K, used 1013K [0x00000000d5580000, 0x00000000d5d80000, 0x0000000100000000)
  eden space 512K, 0% used [0x00000000d5580000,0x00000000d5580000,0x00000000d5600000)
  from space 1024K, 99% used [0x00000000d5880000,0x00000000d597d720,0x00000000d5980000)
  to   space 2560K, 0% used [0x00000000d5600000,0x00000000d5600000,0x00000000d5880000)
 ParOldGen       total 886272K, used 756666K [0x0000000080000000, 0x00000000b6180000, 0x00000000d5580000)
  object space 886272K, 85% used [0x0000000080000000,0x00000000ae2ee9e8,0x00000000b6180000)
 Metaspace       used 93751K, committed 95680K, reserved 1179648K
  class space    used 9972K, committed 10752K, reserved 1048576K
}
Event: 7860.094 GC heap before
{Heap before GC invocations=1841 (full 4):
 PSYoungGen      total 1536K, used 1510K [0x00000000d5580000, 0x00000000d5d80000, 0x0000000100000000)
  eden space 512K, 97% used [0x00000000d5580000,0x00000000d55fc3e8,0x00000000d5600000)
  from space 1024K, 99% used [0x00000000d5880000,0x00000000d597d720,0x00000000d5980000)
  to   space 2560K, 0% used [0x00000000d5600000,0x00000000d5600000,0x00000000d5880000)
 ParOldGen       total 886272K, used 756666K [0x0000000080000000, 0x00000000b6180000, 0x00000000d5580000)
  object space 886272K, 85% used [0x0000000080000000,0x00000000ae2ee9e8,0x00000000b6180000)
 Metaspace       used 93751K, committed 95680K, reserved 1179648K
  class space    used 9972K, committed 10752K, reserved 1048576K
}
Event: 7860.096 GC heap after
{Heap after GC invocations=1841 (full 4):
 PSYoungGen      total 1536K, used 713K [0x00000000d5580000, 0x00000000d5900000, 0x0000000100000000)
  eden space 512K, 0% used [0x00000000d5580000,0x00000000d5580000,0x00000000d5600000)
  from space 1024K, 69% used [0x00000000d5600000,0x00000000d56b26b8,0x00000000d5700000)
  to   space 1536K, 0% used [0x00000000d5780000,0x00000000d5780000,0x00000000d5900000)
 ParOldGen       total 886272K, used 757572K [0x0000000080000000, 0x00000000b6180000, 0x00000000d5580000)
  object space 886272K, 85% used [0x0000000080000000,0x00000000ae3d1028,0x00000000b6180000)
 Metaspace       used 93751K, committed 95680K, reserved 1179648K
  class space    used 9972K, committed 10752K, reserved 1048576K
}
Event: 7860.142 GC heap before
{Heap before GC invocations=1842 (full 4):
 PSYoungGen      total 1536K, used 1129K [0x00000000d5580000, 0x00000000d5900000, 0x0000000100000000)
  eden space 512K, 81% used [0x00000000d5580000,0x00000000d55e7f48,0x00000000d5600000)
  from space 1024K, 69% used [0x00000000d5600000,0x00000000d56b26b8,0x00000000d5700000)
  to   space 1536K, 0% used [0x00000000d5780000,0x00000000d5780000,0x00000000d5900000)
 ParOldGen       total 886272K, used 757572K [0x0000000080000000, 0x00000000b6180000, 0x00000000d5580000)
  object space 886272K, 85% used [0x0000000080000000,0x00000000ae3d1028,0x00000000b6180000)
 Metaspace       used 93751K, committed 95680K, reserved 1179648K
  class space    used 9972K, committed 10752K, reserved 1048576K
}
Event: 7860.143 GC heap after
{Heap after GC invocations=1842 (full 4):
 PSYoungGen      total 1536K, used 707K [0x00000000d5580000, 0x00000000d5880000, 0x0000000100000000)
  eden space 512K, 0% used [0x00000000d5580000,0x00000000d5580000,0x00000000d5600000)
  from space 1024K, 69% used [0x00000000d5780000,0x00000000d5830d90,0x00000000d5880000)
  to   space 1024K, 0% used [0x00000000d5600000,0x00000000d5600000,0x00000000d5700000)
 ParOldGen       total 886272K, used 758033K [0x0000000080000000, 0x00000000b6180000, 0x00000000d5580000)
  object space 886272K, 85% used [0x0000000080000000,0x00000000ae444740,0x00000000b6180000)
 Metaspace       used 93751K, committed 95680K, reserved 1179648K
  class space    used 9972K, committed 10752K, reserved 1048576K
}
Event: 7860.467 GC heap before
{Heap before GC invocations=1843 (full 4):
 PSYoungGen      total 1536K, used 1207K [0x00000000d5580000, 0x00000000d5880000, 0x0000000100000000)
  eden space 512K, 97% used [0x00000000d5580000,0x00000000d55fd188,0x00000000d5600000)
  from space 1024K, 69% used [0x00000000d5780000,0x00000000d5830d90,0x00000000d5880000)
  to   space 1024K, 0% used [0x00000000d5600000,0x00000000d5600000,0x00000000d5700000)
 ParOldGen       total 886272K, used 758033K [0x0000000080000000, 0x00000000b6180000, 0x00000000d5580000)
  object space 886272K, 85% used [0x0000000080000000,0x00000000ae444740,0x00000000b6180000)
 Metaspace       used 93751K, committed 95680K, reserved 1179648K
  class space    used 9972K, committed 10752K, reserved 1048576K
}
Event: 7860.468 GC heap after
{Heap after GC invocations=1843 (full 4):
 PSYoungGen      total 1536K, used 632K [0x00000000d5580000, 0x00000000d5800000, 0x0000000100000000)
  eden space 512K, 0% used [0x00000000d5580000,0x00000000d5580000,0x00000000d5600000)
  from space 1024K, 61% used [0x00000000d5600000,0x00000000d569e108,0x00000000d5700000)
  to   space 1024K, 0% used [0x00000000d5700000,0x00000000d5700000,0x00000000d5800000)
 ParOldGen       total 886272K, used 758447K [0x0000000080000000, 0x00000000b6180000, 0x00000000d5580000)
  object space 886272K, 85% used [0x0000000080000000,0x00000000ae4abdf0,0x00000000b6180000)
 Metaspace       used 93751K, committed 95680K, reserved 1179648K
  class space    used 9972K, committed 10752K, reserved 1048576K
}
Event: 7860.981 GC heap before
{Heap before GC invocations=1844 (full 4):
 PSYoungGen      total 1536K, used 1128K [0x00000000d5580000, 0x00000000d5800000, 0x0000000100000000)
  eden space 512K, 96% used [0x00000000d5580000,0x00000000d55fc160,0x00000000d5600000)
  from space 1024K, 61% used [0x00000000d5600000,0x00000000d569e108,0x00000000d5700000)
  to   space 1024K, 0% used [0x00000000d5700000,0x00000000d5700000,0x00000000d5800000)
 ParOldGen       total 886272K, used 758818K [0x0000000080000000, 0x00000000b6180000, 0x00000000d5580000)
  object space 886272K, 85% used [0x0000000080000000,0x00000000ae508900,0x00000000b6180000)
 Metaspace       used 93751K, committed 95680K, reserved 1179648K
  class space    used 9972K, committed 10752K, reserved 1048576K
}
Event: 7860.982 GC heap after
{Heap after GC invocations=1844 (full 4):
 PSYoungGen      total 1536K, used 644K [0x00000000d5580000, 0x00000000d5800000, 0x0000000100000000)
  eden space 512K, 0% used [0x00000000d5580000,0x00000000d5580000,0x00000000d5600000)
  from space 1024K, 62% used [0x00000000d5700000,0x00000000d57a1050,0x00000000d5800000)
  to   space 1024K, 0% used [0x00000000d5600000,0x00000000d5600000,0x00000000d5700000)
 ParOldGen       total 886272K, used 759302K [0x0000000080000000, 0x00000000b6180000, 0x00000000d5580000)
  object space 886272K, 85% used [0x0000000080000000,0x00000000ae581a20,0x00000000b6180000)
 Metaspace       used 93751K, committed 95680K, reserved 1179648K
  class space    used 9972K, committed 10752K, reserved 1048576K
}
Event: 7876.196 GC heap before
{Heap before GC invocations=1845 (full 4):
 PSYoungGen      total 1536K, used 1156K [0x00000000d5580000, 0x00000000d5800000, 0x0000000100000000)
  eden space 512K, 100% used [0x00000000d5580000,0x00000000d5600000,0x00000000d5600000)
  from space 1024K, 62% used [0x00000000d5700000,0x00000000d57a1050,0x00000000d5800000)
  to   space 1024K, 0% used [0x00000000d5600000,0x00000000d5600000,0x00000000d5700000)
 ParOldGen       total 886272K, used 759302K [0x0000000080000000, 0x00000000b6180000, 0x00000000d5580000)
  object space 886272K, 85% used [0x0000000080000000,0x00000000ae581a20,0x00000000b6180000)
 Metaspace       used 93751K, committed 95680K, reserved 1179648K
  class space    used 9972K, committed 10752K, reserved 1048576K
}
Event: 7876.197 GC heap after
{Heap after GC invocations=1845 (full 4):
 PSYoungGen      total 1536K, used 416K [0x00000000d5580000, 0x00000000d5780000, 0x0000000100000000)
  eden space 512K, 0% used [0x00000000d5580000,0x00000000d5580000,0x00000000d5600000)
  from space 1024K, 40% used [0x00000000d5600000,0x00000000d5668000,0x00000000d5700000)
  to   space 512K, 0% used [0x00000000d5700000,0x00000000d5700000,0x00000000d5780000)
 ParOldGen       total 886272K, used 759406K [0x0000000080000000, 0x00000000b6180000, 0x00000000d5580000)
  object space 886272K, 85% used [0x0000000080000000,0x00000000ae59ba20,0x00000000b6180000)
 Metaspace       used 93751K, committed 95680K, reserved 1179648K
  class space    used 9972K, committed 10752K, reserved 1048576K
}
Event: 8561.203 GC heap before
{Heap before GC invocations=1846 (full 4):
 PSYoungGen      total 1536K, used 927K [0x00000000d5580000, 0x00000000d5780000, 0x0000000100000000)
  eden space 512K, 99% used [0x00000000d5580000,0x00000000d55fffe8,0x00000000d5600000)
  from space 1024K, 40% used [0x00000000d5600000,0x00000000d5668000,0x00000000d5700000)
  to   space 512K, 0% used [0x00000000d5700000,0x00000000d5700000,0x00000000d5780000)
 ParOldGen       total 886272K, used 759406K [0x0000000080000000, 0x00000000b6180000, 0x00000000d5580000)
  object space 886272K, 85% used [0x0000000080000000,0x00000000ae59ba20,0x00000000b6180000)
 Metaspace       used 93751K, committed 95680K, reserved 1179648K
  class space    used 9972K, committed 10752K, reserved 1048576K
}
Event: 8561.208 GC heap after
{Heap after GC invocations=1846 (full 4):
 PSYoungGen      total 1536K, used 192K [0x00000000d5580000, 0x00000000d5780000, 0x0000000100000000)
  eden space 1024K, 0% used [0x00000000d5580000,0x00000000d5580000,0x00000000d5680000)
  from space 512K, 37% used [0x00000000d5700000,0x00000000d5730000,0x00000000d5780000)
  to   space 512K, 0% used [0x00000000d5680000,0x00000000d5680000,0x00000000d5700000)
 ParOldGen       total 886272K, used 759510K [0x0000000080000000, 0x00000000b6180000, 0x00000000d5580000)
  object space 886272K, 85% used [0x0000000080000000,0x00000000ae5b5a20,0x00000000b6180000)
 Metaspace       used 93751K, committed 95680K, reserved 1179648K
  class space    used 9972K, committed 10752K, reserved 1048576K
}

